platforms/android/app/build/outputs/logs/manifest-merger-debug-report.txt
-- Merging decision tree log ---
provider#org.apache.cordova.camera.FileProvider
INJECTED from src/main/AndroidManifest.xml:19:9-21:20
	android:grantUriPermissions
		ADDED from src/main/AndroidManifest.xml:19:92-126
	android:authorities
		INJECTED from src/main/AndroidManifest.xml
		ADDED from src/main/AndroidManifest.xml:19:19-66
	android:exported
		ADDED from src/main/AndroidManifest.xml:19:67-91
	android:name
		ADDED from src/main/AndroidManifest.xml:19:127-180
provider#io.github.pwlin.cordova.plugins.fileopener2.FileProvider
INJECTED from src/main/AndroidManifest.xml:25:9-27:20
	android:grantUriPermissions
		ADDED from src/main/AndroidManifest.xml:25:99-133
	android:authorities
		INJECTED from src/main/AndroidManifest.xml
		ADDED from src/main/AndroidManifest.xml:25:19-73
	android:exported
		ADDED from src/main/AndroidManifest.xml:25:74-98
	android:name
		ADDED from src/main/AndroidManifest.xml:25:134-205
manifest
ADDED from src/main/AndroidManifest.xml:2:1-48:12
INJECTED from src/main/AndroidManifest.xml:2:1-48:12
INJECTED from src/main/AndroidManifest.xml:2:1-48:12
INJECTED from src/main/AndroidManifest.xml:2:1-48:12
MERGED from [com.commit451:PhotoView:1.2.4] AndroidManifest.xml:2:1-12:12
MERGED from [com.kakao.sdk:kakaotalk:1.16.0] AndroidManifest.xml:2:1-14:12
MERGED from [com.kakao.sdk:kakaolink:1.16.0] AndroidManifest.xml:2:1-13:12
MERGED from [com.kakao.sdk:plusfriend:1.16.0] AndroidManifest.xml:2:1-13:12
MERGED from [com.onesignal:OneSignal:3.9.1] AndroidManifest.xml:2:1-108:12
MERGED from [com.google.firebase:firebase-messaging:12.0.1] AndroidManifest.xml:17:1-37:12
MERGED from [com.google.android.gms:play-services-location:12.0.1] AndroidManifest.xml:2:1-9:12
MERGED from [com.google.android.gms:play-services-base:12.0.1] AndroidManifest.xml:17:1-29:12
MERGED from [com.google.firebase:firebase-iid:12.0.1] AndroidManifest.xml:17:1-59:12
MERGED from [com.google.firebase:firebase-common:12.0.1] AndroidManifest.xml:2:1-15:12
MERGED from [com.google.android.gms:play-services-tasks:12.0.1] AndroidManifest.xml:2:1-9:12
MERGED from [com.google.android.gms:play-services-basement:12.0.1] AndroidManifest.xml:17:1-28:12
MERGED from [com.android.support:support-v4:27.1.1] AndroidManifest.xml:17:1-22:12
MERGED from [com.android.support:appcompat-v7:27.1.1] AndroidManifest.xml:17:1-22:12
MERGED from [com.android.support:customtabs:27.1.1] AndroidManifest.xml:17:1-22:12
MERGED from [com.kakao.sdk:friends:1.16.0] AndroidManifest.xml:2:1-11:12
MERGED from [com.kakao.sdk:usermgmt:1.16.0] AndroidManifest.xml:2:1-14:12
MERGED from [com.kakao.sdk:auth:1.16.0] AndroidManifest.xml:2:1-22:12
MERGED from [com.kakao.sdk:network:1.16.0] AndroidManifest.xml:2:1-11:12
MERGED from [com.kakao.sdk:common:1.16.0] AndroidManifest.xml:2:1-11:12
MERGED from [com.android.support:support-media-compat:27.1.1] AndroidManifest.xml:17:1-22:12
MERGED from [com.android.support:support-fragment:27.1.1] AndroidManifest.xml:17:1-22:12
MERGED from [com.android.support:animated-vector-drawable:27.1.1] AndroidManifest.xml:17:1-22:12
MERGED from [com.android.support:support-core-ui:27.1.1] AndroidManifest.xml:17:1-22:12
MERGED from [com.android.support:support-core-utils:27.1.1] AndroidManifest.xml:17:1-22:12
MERGED from [com.android.support:support-vector-drawable:27.1.1] AndroidManifest.xml:17:1-22:12
MERGED from [com.android.support:support-compat:27.1.1] AndroidManifest.xml:17:1-22:12
MERGED from [:CordovaLib] AndroidManifest.xml:20:1-27:12
MERGED from [com.kakao.sdk:message-template:1.16.0] AndroidManifest.xml:2:1-11:12
MERGED from [com.kakao.sdk:util:1.16.0] AndroidManifest.xml:2:1-14:12
MERGED from [android.arch.lifecycle:runtime:1.1.0] AndroidManifest.xml:17:1-22:12
MERGED from [android.arch.lifecycle:livedata-core:1.1.0] AndroidManifest.xml:17:1-22:12
MERGED from [android.arch.lifecycle:viewmodel:1.1.0] AndroidManifest.xml:17:1-22:12
MERGED from [com.google.firebase:firebase-messaging-license:12.0.1] AndroidManifest.xml:17:1-24:12
MERGED from [com.google.android.gms:play-services-location-license:12.0.1] AndroidManifest.xml:17:1-24:12
MERGED from [com.google.android.gms:play-services-base-license:12.0.1] AndroidManifest.xml:17:1-24:12
MERGED from [android.arch.core:runtime:1.1.0] AndroidManifest.xml:17:1-22:12
MERGED from [com.google.firebase:firebase-iid-license:12.0.1] AndroidManifest.xml:17:1-24:12
MERGED from [com.google.android.gms:play-services-basement-license:12.0.1] AndroidManifest.xml:17:1-24:12
MERGED from [com.google.firebase:firebase-common-license:12.0.1] AndroidManifest.xml:17:1-24:12
MERGED from [com.google.android.gms:play-services-tasks-license:12.0.1] AndroidManifest.xml:17:1-24:12
INJECTED from src/main/AndroidManifest.xml:2:1-48:12
INJECTED from src/main/AndroidManifest.xml:2:1-48:12
INJECTED from src/main/AndroidManifest.xml:2:1-48:12
	package
		ADDED from src/main/AndroidManifest.xml:2:98-134
		INJECTED from src/main/AndroidManifest.xml
		INJECTED from src/main/AndroidManifest.xml
	android:versionName
		ADDED from src/main/AndroidManifest.xml:2:70-97
		INJECTED from src/main/AndroidManifest.xml
		INJECTED from src/main/AndroidManifest.xml
	android:hardwareAccelerated
		ADDED from src/main/AndroidManifest.xml:2:11-45
	xmlns:android
		ADDED from src/main/AndroidManifest.xml:2:135-193
	android:versionCode
		ADDED from src/main/AndroidManifest.xml:2:46-69
		INJECTED from src/main/AndroidManifest.xml
		INJECTED from src/main/AndroidManifest.xml
supports-screens
ADDED from src/main/AndroidManifest.xml:3:5-191
	android:largeScreens
		ADDED from src/main/AndroidManifest.xml:3:49-76
	android:smallScreens
		ADDED from src/main/AndroidManifest.xml:3:132-159
	android:normalScreens
		ADDED from src/main/AndroidManifest.xml:3:77-105
	android:xlargeScreens
		ADDED from src/main/AndroidManifest.xml:3:160-188
	android:resizeable
		ADDED from src/main/AndroidManifest.xml:3:106-131
	android:anyDensity
		ADDED from src/main/AndroidManifest.xml:3:23-48
uses-permission#android.permission.INTERNET
ADDED from src/main/AndroidManifest.xml:4:5-67
MERGED from [com.onesignal:OneSignal:3.9.1] AndroidManifest.xml:17:5-67
MERGED from [com.onesignal:OneSignal:3.9.1] AndroidManifest.xml:17:5-67
MERGED from [com.google.firebase:firebase-iid:12.0.1] AndroidManifest.xml:23:5-67
MERGED from [com.google.firebase:firebase-iid:12.0.1] AndroidManifest.xml:23:5-67
	android:name
		ADDED from src/main/AndroidManifest.xml:4:22-64
application
ADDED from src/main/AndroidManifest.xml:5:5-38:19
MERGED from [com.onesignal:OneSignal:3.9.1] AndroidManifest.xml:49:5-106:19
MERGED from [com.onesignal:OneSignal:3.9.1] AndroidManifest.xml:49:5-106:19
MERGED from [com.google.firebase:firebase-messaging:12.0.1] AndroidManifest.xml:22:5-35:19
MERGED from [com.google.firebase:firebase-messaging:12.0.1] AndroidManifest.xml:22:5-35:19
MERGED from [com.google.android.gms:play-services-location:12.0.1] AndroidManifest.xml:7:5-20
MERGED from [com.google.android.gms:play-services-location:12.0.1] AndroidManifest.xml:7:5-20
MERGED from [com.google.android.gms:play-services-base:12.0.1] AndroidManifest.xml:22:5-27:19
MERGED from [com.google.android.gms:play-services-base:12.0.1] AndroidManifest.xml:22:5-27:19
MERGED from [com.google.firebase:firebase-iid:12.0.1] AndroidManifest.xml:34:5-57:19
MERGED from [com.google.firebase:firebase-iid:12.0.1] AndroidManifest.xml:34:5-57:19
MERGED from [com.google.firebase:firebase-common:12.0.1] AndroidManifest.xml:7:5-13:19
MERGED from [com.google.firebase:firebase-common:12.0.1] AndroidManifest.xml:7:5-13:19
MERGED from [com.google.android.gms:play-services-tasks:12.0.1] AndroidManifest.xml:7:5-20
MERGED from [com.google.android.gms:play-services-tasks:12.0.1] AndroidManifest.xml:7:5-20
MERGED from [com.google.android.gms:play-services-basement:12.0.1] AndroidManifest.xml:22:5-26:19
MERGED from [com.google.android.gms:play-services-basement:12.0.1] AndroidManifest.xml:22:5-26:19
MERGED from [com.kakao.sdk:auth:1.16.0] AndroidManifest.xml:11:5-20:19
MERGED from [com.kakao.sdk:auth:1.16.0] AndroidManifest.xml:11:5-20:19
MERGED from [com.google.firebase:firebase-messaging-license:12.0.1] AndroidManifest.xml:22:5-20
MERGED from [com.google.firebase:firebase-messaging-license:12.0.1] AndroidManifest.xml:22:5-20
MERGED from [com.google.android.gms:play-services-location-license:12.0.1] AndroidManifest.xml:22:5-20
MERGED from [com.google.android.gms:play-services-location-license:12.0.1] AndroidManifest.xml:22:5-20
MERGED from [com.google.android.gms:play-services-base-license:12.0.1] AndroidManifest.xml:22:5-20
MERGED from [com.google.android.gms:play-services-base-license:12.0.1] AndroidManifest.xml:22:5-20
MERGED from [com.google.firebase:firebase-iid-license:12.0.1] AndroidManifest.xml:22:5-20
MERGED from [com.google.firebase:firebase-iid-license:12.0.1] AndroidManifest.xml:22:5-20
MERGED from [com.google.android.gms:play-services-basement-license:12.0.1] AndroidManifest.xml:22:5-20
MERGED from [com.google.android.gms:play-services-basement-license:12.0.1] AndroidManifest.xml:22:5-20
MERGED from [com.google.firebase:firebase-common-license:12.0.1] AndroidManifest.xml:22:5-20
MERGED from [com.google.firebase:firebase-common-license:12.0.1] AndroidManifest.xml:22:5-20
MERGED from [com.google.android.gms:play-services-tasks-license:12.0.1] AndroidManifest.xml:22:5-20
MERGED from [com.google.android.gms:play-services-tasks-license:12.0.1] AndroidManifest.xml:22:5-20
	android:supportsRtl
		ADDED from src/main/AndroidManifest.xml:5:114-140
	android:label
		ADDED from src/main/AndroidManifest.xml:5:81-113
	android:hardwareAccelerated
		ADDED from src/main/AndroidManifest.xml:5:18-52
	android:icon
		ADDED from src/main/AndroidManifest.xml:5:53-80
	android:usesCleartextTraffic
		ADDED from src/main/AndroidManifest.xml:5:141-176
activity#com.solar.my.myapplication.MainActivity
ADDED from src/main/AndroidManifest.xml:6:9-17:20
	android:screenOrientation
		ADDED from src/main/AndroidManifest.xml:6:194-230
	android:label
		ADDED from src/main/AndroidManifest.xml:6:97-134
	android:launchMode
		ADDED from src/main/AndroidManifest.xml:6:135-165
	android:windowSoftInputMode
		ADDED from src/main/AndroidManifest.xml:6:294-336
	android:configChanges
		ADDED from src/main/AndroidManifest.xml:6:19-96
	android:theme
		ADDED from src/main/AndroidManifest.xml:6:231-293
	android:name
		ADDED from src/main/AndroidManifest.xml:6:166-193
intent-filter#android.intent.action.MAIN+android.intent.category.LAUNCHER
ADDED from src/main/AndroidManifest.xml:7:13-10:29
	android:label
		ADDED from src/main/AndroidManifest.xml:7:28-65
action#android.intent.action.MAIN
ADDED from src/main/AndroidManifest.xml:8:17-69
	android:name
		ADDED from src/main/AndroidManifest.xml:8:25-66
category#android.intent.category.LAUNCHER
ADDED from src/main/AndroidManifest.xml:9:17-77
	android:name
		ADDED from src/main/AndroidManifest.xml:9:27-74
intent-filter#android.intent.action.VIEW+android.intent.category.BROWSABLE+android.intent.category.DEFAULT
ADDED from src/main/AndroidManifest.xml:11:13-16:29
action#android.intent.action.VIEW
ADDED from src/main/AndroidManifest.xml:12:17-69
	android:name
		ADDED from src/main/AndroidManifest.xml:12:25-66
category#android.intent.category.DEFAULT
ADDED from src/main/AndroidManifest.xml:13:17-76
	android:name
		ADDED from src/main/AndroidManifest.xml:13:27-73
category#android.intent.category.BROWSABLE
ADDED from src/main/AndroidManifest.xml:14:17-78
	android:name
		ADDED from src/main/AndroidManifest.xml:14:27-75
data
ADDED from src/main/AndroidManifest.xml:15:17-101
	android:host
		ADDED from src/main/AndroidManifest.xml:15:23-60
	android:scheme
		ADDED from src/main/AndroidManifest.xml:15:61-98
activity#com.sarriaroman.PhotoViewer.PhotoActivity
ADDED from src/main/AndroidManifest.xml:18:9-143
	android:theme
		ADDED from src/main/AndroidManifest.xml:18:76-140
	android:name
		ADDED from src/main/AndroidManifest.xml:18:19-75
provider#de.sitewaerts.cordova.documentviewer.FileProvider
ADDED from src/main/AndroidManifest.xml:22:9-24:20
	android:grantUriPermissions
		ADDED from src/main/AndroidManifest.xml:22:127-161
	android:authorities
		ADDED from src/main/AndroidManifest.xml:22:19-101
	android:exported
		ADDED from src/main/AndroidManifest.xml:22:102-126
	android:name
		ADDED from src/main/AndroidManifest.xml:22:162-226
meta-data#android.support.FILE_PROVIDER_PATHS
ADDED from src/main/AndroidManifest.xml:23:13-127
	android:resource
		ADDED from src/main/AndroidManifest.xml:23:75-124
	android:name
		ADDED from src/main/AndroidManifest.xml:23:24-74
meta-data#com.kakao.sdk.AppKey
ADDED from src/main/AndroidManifest.xml:28:9-96
	android:value
		ADDED from src/main/AndroidManifest.xml:28:56-93
	android:name
		ADDED from src/main/AndroidManifest.xml:28:20-55
amazon:enable-feature
ADDED from src/main/AndroidManifest.xml:29:9-159
	xmlns:amazon
		ADDED from src/main/AndroidManifest.xml:29:100-156
	android:required
		ADDED from src/main/AndroidManifest.xml:29:75-99
	android:name
		ADDED from src/main/AndroidManifest.xml:29:32-74
service#com.onesignal.ADMMessageHandler
ADDED from src/main/AndroidManifest.xml:30:9-92
	android:exported
		ADDED from src/main/AndroidManifest.xml:30:18-42
	android:name
		ADDED from src/main/AndroidManifest.xml:30:43-89
receiver#com.onesignal.ADMMessageHandler$Receiver
ADDED from src/main/AndroidManifest.xml:31:9-37:20
	android:permission
		ADDED from src/main/AndroidManifest.xml:31:75-139
	android:name
		ADDED from src/main/AndroidManifest.xml:31:19-74
intent-filter#com.amazon.device.messaging.intent.RECEIVE+com.amazon.device.messaging.intent.REGISTRATION+com.solar.my.myapplication
ADDED from src/main/AndroidManifest.xml:32:13-36:29
action#com.amazon.device.messaging.intent.REGISTRATION
ADDED from src/main/AndroidManifest.xml:33:17-90
	android:name
		ADDED from src/main/AndroidManifest.xml:33:25-87
action#com.amazon.device.messaging.intent.RECEIVE
ADDED from src/main/AndroidManifest.xml:34:17-85
	android:name
		ADDED from src/main/AndroidManifest.xml:34:25-82
category#com.solar.my.myapplication
ADDED from src/main/AndroidManifest.xml:35:17-71
	android:name
		ADDED from src/main/AndroidManifest.xml:35:27-68
uses-sdk
ADDED from src/main/AndroidManifest.xml:39:5-74
INJECTED from src/main/AndroidManifest.xml:39:5-74
MERGED from [com.commit451:PhotoView:1.2.4] AndroidManifest.xml:8:5-10:41
MERGED from [com.commit451:PhotoView:1.2.4] AndroidManifest.xml:8:5-10:41
MERGED from [com.kakao.sdk:kakaotalk:1.16.0] AndroidManifest.xml:10:5-12:41
MERGED from [com.kakao.sdk:kakaotalk:1.16.0] AndroidManifest.xml:10:5-12:41
MERGED from [com.kakao.sdk:kakaolink:1.16.0] AndroidManifest.xml:8:5-11:62
MERGED from [com.kakao.sdk:kakaolink:1.16.0] AndroidManifest.xml:8:5-11:62
MERGED from [com.kakao.sdk:plusfriend:1.16.0] AndroidManifest.xml:8:5-11:62
MERGED from [com.kakao.sdk:plusfriend:1.16.0] AndroidManifest.xml:8:5-11:62
MERGED from [com.onesignal:OneSignal:3.9.1] AndroidManifest.xml:5:5-44
MERGED from [com.onesignal:OneSignal:3.9.1] AndroidManifest.xml:5:5-44
MERGED from [com.google.firebase:firebase-messaging:12.0.1] AndroidManifest.xml:20:5-44
MERGED from [com.google.firebase:firebase-messaging:12.0.1] AndroidManifest.xml:20:5-44
MERGED from [com.google.android.gms:play-services-location:12.0.1] AndroidManifest.xml:5:5-44
MERGED from [com.google.android.gms:play-services-location:12.0.1] AndroidManifest.xml:5:5-44
MERGED from [com.google.android.gms:play-services-base:12.0.1] AndroidManifest.xml:20:5-44
MERGED from [com.google.android.gms:play-services-base:12.0.1] AndroidManifest.xml:20:5-44
MERGED from [com.google.firebase:firebase-iid:12.0.1] AndroidManifest.xml:20:5-44
MERGED from [com.google.firebase:firebase-iid:12.0.1] AndroidManifest.xml:20:5-44
MERGED from [com.google.firebase:firebase-common:12.0.1] AndroidManifest.xml:5:5-44
MERGED from [com.google.firebase:firebase-common:12.0.1] AndroidManifest.xml:5:5-44
MERGED from [com.google.android.gms:play-services-tasks:12.0.1] AndroidManifest.xml:5:5-44
MERGED from [com.google.android.gms:play-services-tasks:12.0.1] AndroidManifest.xml:5:5-44
MERGED from [com.google.android.gms:play-services-basement:12.0.1] AndroidManifest.xml:20:5-44
MERGED from [com.google.android.gms:play-services-basement:12.0.1] AndroidManifest.xml:20:5-44
MERGED from [com.android.support:support-v4:27.1.1] AndroidManifest.xml:20:5-44
MERGED from [com.android.support:support-v4:27.1.1] AndroidManifest.xml:20:5-44
MERGED from [com.android.support:appcompat-v7:27.1.1] AndroidManifest.xml:20:5-44
MERGED from [com.android.support:appcompat-v7:27.1.1] AndroidManifest.xml:20:5-44
MERGED from [com.android.support:customtabs:27.1.1] AndroidManifest.xml:20:5-44
MERGED from [com.android.support:customtabs:27.1.1] AndroidManifest.xml:20:5-44
MERGED from [com.kakao.sdk:friends:1.16.0] AndroidManifest.xml:7:5-9:41
MERGED from [com.kakao.sdk:friends:1.16.0] AndroidManifest.xml:7:5-9:41
MERGED from [com.kakao.sdk:usermgmt:1.16.0] AndroidManifest.xml:10:5-12:41
MERGED from [com.kakao.sdk:usermgmt:1.16.0] AndroidManifest.xml:10:5-12:41
MERGED from [com.kakao.sdk:auth:1.16.0] AndroidManifest.xml:7:5-9:41
MERGED from [com.kakao.sdk:auth:1.16.0] AndroidManifest.xml:7:5-9:41
MERGED from [com.kakao.sdk:network:1.16.0] AndroidManifest.xml:7:5-9:41
MERGED from [com.kakao.sdk:network:1.16.0] AndroidManifest.xml:7:5-9:41
MERGED from [com.kakao.sdk:common:1.16.0] AndroidManifest.xml:7:5-9:41
MERGED from [com.kakao.sdk:common:1.16.0] AndroidManifest.xml:7:5-9:41
MERGED from [com.android.support:support-media-compat:27.1.1] AndroidManifest.xml:20:5-44
MERGED from [com.android.support:support-media-compat:27.1.1] AndroidManifest.xml:20:5-44
MERGED from [com.android.support:support-fragment:27.1.1] AndroidManifest.xml:20:5-44
MERGED from [com.android.support:support-fragment:27.1.1] AndroidManifest.xml:20:5-44
MERGED from [com.android.support:animated-vector-drawable:27.1.1] AndroidManifest.xml:20:5-44
MERGED from [com.android.support:animated-vector-drawable:27.1.1] AndroidManifest.xml:20:5-44
MERGED from [com.android.support:support-core-ui:27.1.1] AndroidManifest.xml:20:5-44
MERGED from [com.android.support:support-core-ui:27.1.1] AndroidManifest.xml:20:5-44
MERGED from [com.android.support:support-core-utils:27.1.1] AndroidManifest.xml:20:5-44
MERGED from [com.android.support:support-core-utils:27.1.1] AndroidManifest.xml:20:5-44
MERGED from [com.android.support:support-vector-drawable:27.1.1] AndroidManifest.xml:20:5-44
MERGED from [com.android.support:support-vector-drawable:27.1.1] AndroidManifest.xml:20:5-44
MERGED from [com.android.support:support-compat:27.1.1] AndroidManifest.xml:20:5-44
MERGED from [com.android.support:support-compat:27.1.1] AndroidManifest.xml:20:5-44
MERGED from [:CordovaLib] AndroidManifest.xml:25:5-44
MERGED from [:CordovaLib] AndroidManifest.xml:25:5-44
MERGED from [com.kakao.sdk:message-template:1.16.0] AndroidManifest.xml:7:5-9:41
MERGED from [com.kakao.sdk:message-template:1.16.0] AndroidManifest.xml:7:5-9:41
MERGED from [com.kakao.sdk:util:1.16.0] AndroidManifest.xml:10:5-12:41
MERGED from [com.kakao.sdk:util:1.16.0] AndroidManifest.xml:10:5-12:41
MERGED from [android.arch.lifecycle:runtime:1.1.0] AndroidManifest.xml:20:5-44
MERGED from [android.arch.lifecycle:runtime:1.1.0] AndroidManifest.xml:20:5-44
MERGED from [android.arch.lifecycle:livedata-core:1.1.0] AndroidManifest.xml:20:5-44
MERGED from [android.arch.lifecycle:livedata-core:1.1.0] AndroidManifest.xml:20:5-44
MERGED from [android.arch.lifecycle:viewmodel:1.1.0] AndroidManifest.xml:20:5-44
MERGED from [android.arch.lifecycle:viewmodel:1.1.0] AndroidManifest.xml:20:5-44
MERGED from [com.google.firebase:firebase-messaging-license:12.0.1] AndroidManifest.xml:20:5-44
MERGED from [com.google.firebase:firebase-messaging-license:12.0.1] AndroidManifest.xml:20:5-44
MERGED from [com.google.android.gms:play-services-location-license:12.0.1] AndroidManifest.xml:20:5-44
MERGED from [com.google.android.gms:play-services-location-license:12.0.1] AndroidManifest.xml:20:5-44
MERGED from [com.google.android.gms:play-services-base-license:12.0.1] AndroidManifest.xml:20:5-44
MERGED from [com.google.android.gms:play-services-base-license:12.0.1] AndroidManifest.xml:20:5-44
MERGED from [android.arch.core:runtime:1.1.0] AndroidManifest.xml:20:5-44
MERGED from [android.arch.core:runtime:1.1.0] AndroidManifest.xml:20:5-44
MERGED from [com.google.firebase:firebase-iid-license:12.0.1] AndroidManifest.xml:20:5-44
MERGED from [com.google.firebase:firebase-iid-license:12.0.1] AndroidManifest.xml:20:5-44
MERGED from [com.google.android.gms:play-services-basement-license:12.0.1] AndroidManifest.xml:20:5-44
MERGED from [com.google.android.gms:play-services-basement-license:12.0.1] AndroidManifest.xml:20:5-44
MERGED from [com.google.firebase:firebase-common-license:12.0.1] AndroidManifest.xml:20:5-44
MERGED from [com.google.firebase:firebase-common-license:12.0.1] AndroidManifest.xml:20:5-44
MERGED from [com.google.android.gms:play-services-tasks-license:12.0.1] AndroidManifest.xml:20:5-44
MERGED from [com.google.android.gms:play-services-tasks-license:12.0.1] AndroidManifest.xml:20:5-44
INJECTED from src/main/AndroidManifest.xml:39:5-74
	tools:overrideLibrary
		ADDED from [com.kakao.sdk:kakaolink:1.16.0] AndroidManifest.xml:11:9-59
	android:targetSdkVersion
		ADDED from src/main/AndroidManifest.xml:39:42-71
	android:minSdkVersion
		ADDED from src/main/AndroidManifest.xml:39:15-41
		INJECTED from src/main/AndroidManifest.xml
		INJECTED from src/main/AndroidManifest.xml
uses-permission#android.permission.WRITE_EXTERNAL_STORAGE
ADDED from src/main/AndroidManifest.xml:40:5-81
	android:name
		ADDED from src/main/AndroidManifest.xml:40:22-78
uses-permission#android.permission.READ_EXTERNAL_STORAGE
ADDED from src/main/AndroidManifest.xml:41:5-80
	android:name
		ADDED from src/main/AndroidManifest.xml:41:22-77
uses-permission#android.permission.BLUETOOTH
ADDED from src/main/AndroidManifest.xml:42:5-68
	android:name
		ADDED from src/main/AndroidManifest.xml:42:22-65
uses-permission#android.permission.CALL_PHONE
ADDED from src/main/AndroidManifest.xml:43:5-69
	android:name
		ADDED from src/main/AndroidManifest.xml:43:22-66
uses-feature#android.hardware.telephony
ADDED from src/main/AndroidManifest.xml:44:5-88
	android:required
		ADDED from src/main/AndroidManifest.xml:44:61-85
	android:name
		ADDED from src/main/AndroidManifest.xml:44:19-60
uses-permission#com.amazon.device.messaging.permission.RECEIVE
ADDED from src/main/AndroidManifest.xml:45:5-86
	android:name
		ADDED from src/main/AndroidManifest.xml:45:22-83
permission#com.solar.my.myapplication.permission.RECEIVE_ADM_MESSAGE
ADDED from src/main/AndroidManifest.xml:46:5-128
	android:protectionLevel
		ADDED from src/main/AndroidManifest.xml:46:90-125
	android:name
		ADDED from src/main/AndroidManifest.xml:46:17-89
uses-permission#com.solar.my.myapplication.permission.RECEIVE_ADM_MESSAGE
ADDED from src/main/AndroidManifest.xml:47:5-97
	android:name
		ADDED from src/main/AndroidManifest.xml:47:22-94
permission#${applicationId}.permission.C2D_MESSAGE
ADDED from [com.onesignal:OneSignal:3.9.1] AndroidManifest.xml:8:5-10:47
MERGED from [com.google.firebase:firebase-iid:12.0.1] AndroidManifest.xml:28:5-30:47
MERGED from [com.google.firebase:firebase-iid:12.0.1] AndroidManifest.xml:28:5-30:47
	android:protectionLevel
		ADDED from [com.onesignal:OneSignal:3.9.1] AndroidManifest.xml:10:9-44
	android:name
		ADDED from [com.onesignal:OneSignal:3.9.1] AndroidManifest.xml:9:9-63
permission#com.solar.my.myapplication.permission.C2D_MESSAGE
ADDED from [com.onesignal:OneSignal:3.9.1] AndroidManifest.xml:8:5-10:47
MERGED from [com.google.firebase:firebase-iid:12.0.1] AndroidManifest.xml:28:5-30:47
MERGED from [com.google.firebase:firebase-iid:12.0.1] AndroidManifest.xml:28:5-30:47
	android:protectionLevel
		ADDED from [com.onesignal:OneSignal:3.9.1] AndroidManifest.xml:10:9-44
	android:name
		ADDED from [com.onesignal:OneSignal:3.9.1] AndroidManifest.xml:9:9-63
uses-permission#${applicationId}.permission.C2D_MESSAGE
ADDED from [com.onesignal:OneSignal:3.9.1] AndroidManifest.xml:12:5-79
MERGED from [com.google.firebase:firebase-iid:12.0.1] AndroidManifest.xml:32:5-79
MERGED from [com.google.firebase:firebase-iid:12.0.1] AndroidManifest.xml:32:5-79
	android:name
		ADDED from [com.onesignal:OneSignal:3.9.1] AndroidManifest.xml:12:22-76
uses-permission#com.solar.my.myapplication.permission.C2D_MESSAGE
ADDED from [com.onesignal:OneSignal:3.9.1] AndroidManifest.xml:12:5-79
MERGED from [com.google.firebase:firebase-iid:12.0.1] AndroidManifest.xml:32:5-79
MERGED from [com.google.firebase:firebase-iid:12.0.1] AndroidManifest.xml:32:5-79
	android:name
		ADDED from [com.onesignal:OneSignal:3.9.1] AndroidManifest.xml:12:22-76
uses-permission#com.google.android.c2dm.permission.RECEIVE
ADDED from [com.onesignal:OneSignal:3.9.1] AndroidManifest.xml:18:5-82
MERGED from [com.google.firebase:firebase-iid:12.0.1] AndroidManifest.xml:26:5-82
MERGED from [com.google.firebase:firebase-iid:12.0.1] AndroidManifest.xml:26:5-82
	android:name
		ADDED from [com.onesignal:OneSignal:3.9.1] AndroidManifest.xml:18:22-79
uses-permission#android.permission.WAKE_LOCK
ADDED from [com.onesignal:OneSignal:3.9.1] AndroidManifest.xml:19:5-68
MERGED from [com.google.firebase:firebase-iid:12.0.1] AndroidManifest.xml:24:5-68
MERGED from [com.google.firebase:firebase-iid:12.0.1] AndroidManifest.xml:24:5-68
	android:name
		ADDED from [com.onesignal:OneSignal:3.9.1] AndroidManifest.xml:19:22-65
uses-permission#android.permission.VIBRATE
ADDED from [com.onesignal:OneSignal:3.9.1] AndroidManifest.xml:24:5-66
	android:name
		ADDED from [com.onesignal:OneSignal:3.9.1] AndroidManifest.xml:24:22-63
uses-permission#android.permission.ACCESS_NETWORK_STATE
ADDED from [com.onesignal:OneSignal:3.9.1] AndroidManifest.xml:25:5-79
MERGED from [com.google.firebase:firebase-iid:12.0.1] AndroidManifest.xml:22:5-79
MERGED from [com.google.firebase:firebase-iid:12.0.1] AndroidManifest.xml:22:5-79
	android:name
		ADDED from [com.onesignal:OneSignal:3.9.1] AndroidManifest.xml:25:22-76
uses-permission#android.permission.RECEIVE_BOOT_COMPLETED
ADDED from [com.onesignal:OneSignal:3.9.1] AndroidManifest.xml:30:5-81
	android:name
		ADDED from [com.onesignal:OneSignal:3.9.1] AndroidManifest.xml:30:22-78
uses-permission#com.sec.android.provider.badge.permission.READ
ADDED from [com.onesignal:OneSignal:3.9.1] AndroidManifest.xml:32:5-86
	android:name
		ADDED from [com.onesignal:OneSignal:3.9.1] AndroidManifest.xml:32:22-83
uses-permission#com.sec.android.provider.badge.permission.WRITE
ADDED from [com.onesignal:OneSignal:3.9.1] AndroidManifest.xml:33:5-87
	android:name
		ADDED from [com.onesignal:OneSignal:3.9.1] AndroidManifest.xml:33:22-84
uses-permission#com.htc.launcher.permission.READ_SETTINGS
ADDED from [com.onesignal:OneSignal:3.9.1] AndroidManifest.xml:34:5-81
	android:name
		ADDED from [com.onesignal:OneSignal:3.9.1] AndroidManifest.xml:34:22-78
uses-permission#com.htc.launcher.permission.UPDATE_SHORTCUT
ADDED from [com.onesignal:OneSignal:3.9.1] AndroidManifest.xml:35:5-83
	android:name
		ADDED from [com.onesignal:OneSignal:3.9.1] AndroidManifest.xml:35:22-80
uses-permission#com.sonyericsson.home.permission.BROADCAST_BADGE
ADDED from [com.onesignal:OneSignal:3.9.1] AndroidManifest.xml:36:5-88
	android:name
		ADDED from [com.onesignal:OneSignal:3.9.1] AndroidManifest.xml:36:22-85
uses-permission#com.sonymobile.home.permission.PROVIDER_INSERT_BADGE
ADDED from [com.onesignal:OneSignal:3.9.1] AndroidManifest.xml:37:5-92
	android:name
		ADDED from [com.onesignal:OneSignal:3.9.1] AndroidManifest.xml:37:22-89
uses-permission#com.anddoes.launcher.permission.UPDATE_COUNT
ADDED from [com.onesignal:OneSignal:3.9.1] AndroidManifest.xml:38:5-84
	android:name
		ADDED from [com.onesignal:OneSignal:3.9.1] AndroidManifest.xml:38:22-81
uses-permission#com.majeur.launcher.permission.UPDATE_BADGE
ADDED from [com.onesignal:OneSignal:3.9.1] AndroidManifest.xml:39:5-83
	android:name
		ADDED from [com.onesignal:OneSignal:3.9.1] AndroidManifest.xml:39:22-80
uses-permission#com.huawei.android.launcher.permission.CHANGE_BADGE
ADDED from [com.onesignal:OneSignal:3.9.1] AndroidManifest.xml:40:5-91
	android:name
		ADDED from [com.onesignal:OneSignal:3.9.1] AndroidManifest.xml:40:22-88
uses-permission#com.huawei.android.launcher.permission.READ_SETTINGS
ADDED from [com.onesignal:OneSignal:3.9.1] AndroidManifest.xml:41:5-92
	android:name
		ADDED from [com.onesignal:OneSignal:3.9.1] AndroidManifest.xml:41:22-89
uses-permission#com.huawei.android.launcher.permission.WRITE_SETTINGS
ADDED from [com.onesignal:OneSignal:3.9.1] AndroidManifest.xml:42:5-93
	android:name
		ADDED from [com.onesignal:OneSignal:3.9.1] AndroidManifest.xml:42:22-90
uses-permission#android.permission.READ_APP_BADGE
ADDED from [com.onesignal:OneSignal:3.9.1] AndroidManifest.xml:43:5-73
	android:name
		ADDED from [com.onesignal:OneSignal:3.9.1] AndroidManifest.xml:43:22-70
uses-permission#com.oppo.launcher.permission.READ_SETTINGS
ADDED from [com.onesignal:OneSignal:3.9.1] AndroidManifest.xml:44:5-82
	android:name
		ADDED from [com.onesignal:OneSignal:3.9.1] AndroidManifest.xml:44:22-79
uses-permission#com.oppo.launcher.permission.WRITE_SETTINGS
ADDED from [com.onesignal:OneSignal:3.9.1] AndroidManifest.xml:45:5-83
	android:name
		ADDED from [com.onesignal:OneSignal:3.9.1] AndroidManifest.xml:45:22-80
uses-permission#me.everything.badger.permission.BADGE_COUNT_READ
ADDED from [com.onesignal:OneSignal:3.9.1] AndroidManifest.xml:46:5-88
	android:name
		ADDED from [com.onesignal:OneSignal:3.9.1] AndroidManifest.xml:46:22-85
uses-permission#me.everything.badger.permission.BADGE_COUNT_WRITE
ADDED from [com.onesignal:OneSignal:3.9.1] AndroidManifest.xml:47:5-89
	android:name
		ADDED from [com.onesignal:OneSignal:3.9.1] AndroidManifest.xml:47:22-86
meta-data#onesignal_app_id
ADDED from [com.onesignal:OneSignal:3.9.1] AndroidManifest.xml:50:9-52:51
	android:value